# JRE version: Java(TM) SE Runtime Environment (8.0_171-b11) (build 1.8.0_171-b11)
# Java VM: Java HotSpot(TM) 64-Bit Server VM (25.171-b11 mixed mode linux-amd64 compressed oops)
Heap:
 PSYoungGen      total 108544K, used 9722K [0x00000000eab00000, 0x00000000f3780000, 0x0000000100000000)
  eden space 98816K, 0% used [0x00000000eab00000,0x00000000eab00000,0x00000000f0b80000)
  from space 9728K, 99% used [0x00000000f2480000,0x00000000f2dfe918,0x00000000f2e00000)
  to   space 6656K, 0% used [0x00000000f3100000,0x00000000f3100000,0x00000000f3780000)
 ParOldGen       total 59904K, used 8744K [0x00000000c0000000, 0x00000000c3a80000, 0x00000000eab00000)
  object space 59904K, 14% used [0x00000000c0000000,0x00000000c088a3b8,0x00000000c3a80000)
 Metaspace       used 31406K, capacity 31768K, committed 31920K, reserved 1077248K
  class space    used 4514K, capacity 4676K, committed 4784K, reserved 1048576K
GC Heap History (10 events):
Event: 1.029 GC heap after
Heap after GC invocations=3 (full 0):
 PSYoungGen      total 36864K, used 5119K [0x00000000eab00000, 0x00000000ef300000, 0x0000000100000000)
  eden space 31744K, 0% used [0x00000000eab00000,0x00000000eab00000,0x00000000eca00000)
  from space 5120K, 99% used [0x00000000eca00000,0x00000000eceffc10,0x00000000ecf00000)
  to   space 5120K, 0% used [0x00000000eee00000,0x00000000eee00000,0x00000000ef300000)
 ParOldGen       total 84992K, used 1884K [0x00000000c0000000, 0x00000000c5300000, 0x00000000eab00000)
  object space 84992K, 2% used [0x00000000c0000000,0x00000000c01d7358,0x00000000c5300000)
 Metaspace       used 13845K, capacity 14110K, committed 14464K, reserved 1060864K
  class space    used 1988K, capacity 2081K, committed 2176K, reserved 1048576K
}
Event: 1.371 GC heap before
{Heap before GC invocations=4 (full 0):
 PSYoungGen      total 36864K, used 36863K [0x00000000eab00000, 0x00000000ef300000, 0x0000000100000000)
  eden space 31744K, 100% used [0x00000000eab00000,0x00000000eca00000,0x00000000eca00000)
  from space 5120K, 99% used [0x00000000eca00000,0x00000000eceffc10,0x00000000ecf00000)
  to   space 5120K, 0% used [0x00000000eee00000,0x00000000eee00000,0x00000000ef300000)
 ParOldGen       total 84992K, used 1884K [0x00000000c0000000, 0x00000000c5300000, 0x00000000eab00000)
  object space 84992K, 2% used [0x00000000c0000000,0x00000000c01d7358,0x00000000c5300000)
 Metaspace       used 17164K, capacity 17444K, committed 17792K, reserved 1064960K
  class space    used 2509K, capacity 2594K, committed 2688K, reserved 1048576K
Event: 1.380 GC heap after
Heap after GC invocations=4 (full 0):
 PSYoungGen      total 68608K, used 5088K [0x00000000eab00000, 0x00000000ef300000, 0x0000000100000000)
  eden space 63488K, 0% used [0x00000000eab00000,0x00000000eab00000,0x00000000ee900000)
  from space 5120K, 99% used [0x00000000eee00000,0x00000000ef2f8050,0x00000000ef300000)
  to   space 5120K, 0% used [0x00000000ee900000,0x00000000ee900000,0x00000000eee00000)
 ParOldGen       total 84992K, used 5002K [0x00000000c0000000, 0x00000000c5300000, 0x00000000eab00000)
  object space 84992K, 5% used [0x00000000c0000000,0x00000000c04e2af8,0x00000000c5300000)
 Metaspace       used 17164K, capacity 17444K, committed 17792K, reserved 1064960K
  class space    used 2509K, capacity 2594K, committed 2688K, reserved 1048576K
}
Event: 1.620 GC heap before
{Heap before GC invocations=5 (full 0):
 PSYoungGen      total 68608K, used 22874K [0x00000000eab00000, 0x00000000ef300000, 0x0000000100000000)
  eden space 63488K, 28% used [0x00000000eab00000,0x00000000ebc5eb88,0x00000000ee900000)
  from space 5120K, 99% used [0x00000000eee00000,0x00000000ef2f8050,0x00000000ef300000)
  to   space 5120K, 0% used [0x00000000ee900000,0x00000000ee900000,0x00000000eee00000)
 ParOldGen       total 84992K, used 5002K [0x00000000c0000000, 0x00000000c5300000, 0x00000000eab00000)
  object space 84992K, 5% used [0x00000000c0000000,0x00000000c04e2af8,0x00000000c5300000)
 Metaspace       used 20908K, capacity 21188K, committed 21296K, reserved 1067008K
  class space    used 2967K, capacity 3074K, committed 3120K, reserved 1048576K
Event: 1.635 GC heap after
Heap after GC invocations=5 (full 0):
 PSYoungGen      total 68608K, used 5092K [0x00000000eab00000, 0x00000000f3b00000, 0x0000000100000000)
  eden space 63488K, 0% used [0x00000000eab00000,0x00000000eab00000,0x00000000ee900000)
  from space 5120K, 99% used [0x00000000ee900000,0x00000000eedf9080,0x00000000eee00000)
  to   space 10240K, 0% used [0x00000000f3100000,0x00000000f3100000,0x00000000f3b00000)
 ParOldGen       total 84992K, used 8143K [0x00000000c0000000, 0x00000000c5300000, 0x00000000eab00000)
  object space 84992K, 9% used [0x00000000c0000000,0x00000000c07f3c68,0x00000000c5300000)
 Metaspace       used 20908K, capacity 21188K, committed 21296K, reserved 1067008K
  class space    used 2967K, capacity 3074K, committed 3120K, reserved 1048576K
}
Event: 1.635 GC heap before
{Heap before GC invocations=6 (full 1):
 PSYoungGen      total 68608K, used 5092K [0x00000000eab00000, 0x00000000f3b00000, 0x0000000100000000)
  eden space 63488K, 0% used [0x00000000eab00000,0x00000000eab00000,0x00000000ee900000)
  from space 5120K, 99% used [0x00000000ee900000,0x00000000eedf9080,0x00000000eee00000)
  to   space 10240K, 0% used [0x00000000f3100000,0x00000000f3100000,0x00000000f3b00000)
 ParOldGen       total 84992K, used 8143K [0x00000000c0000000, 0x00000000c5300000, 0x00000000eab00000)
  object space 84992K, 9% used [0x00000000c0000000,0x00000000c07f3c68,0x00000000c5300000)
 Metaspace       used 20908K, capacity 21188K, committed 21296K, reserved 1067008K
  class space    used 2967K, capacity 3074K, committed 3120K, reserved 1048576K
Event: 1.678 GC heap after
Heap after GC invocations=6 (full 1):
 PSYoungGen      total 68608K, used 0K [0x00000000eab00000, 0x00000000f3b00000, 0x0000000100000000)
  eden space 63488K, 0% used [0x00000000eab00000,0x00000000eab00000,0x00000000ee900000)
  from space 5120K, 0% used [0x00000000ee900000,0x00000000ee900000,0x00000000eee00000)
  to   space 10240K, 0% used [0x00000000f3100000,0x00000000f3100000,0x00000000f3b00000)
 ParOldGen       total 59904K, used 8331K [0x00000000c0000000, 0x00000000c3a80000, 0x00000000eab00000)
  object space 59904K, 13% used [0x00000000c0000000,0x00000000c0822c60,0x00000000c3a80000)
 Metaspace       used 20908K, capacity 21188K, committed 21296K, reserved 1067008K
  class space    used 2967K, capacity 3074K, committed 3120K, reserved 1048576K
}
Event: 2.281 GC heap before
{Heap before GC invocations=7 (full 1):
 PSYoungGen      total 68608K, used 63488K [0x00000000eab00000, 0x00000000f3b00000, 0x0000000100000000)
  eden space 63488K, 100% used [0x00000000eab00000,0x00000000ee900000,0x00000000ee900000)
  from space 5120K, 0% used [0x00000000ee900000,0x00000000ee900000,0x00000000eee00000)
  to   space 10240K, 0% used [0x00000000f3100000,0x00000000f3100000,0x00000000f3b00000)
 ParOldGen       total 59904K, used 8331K [0x00000000c0000000, 0x00000000c3a80000, 0x00000000eab00000)
  object space 59904K, 13% used [0x00000000c0000000,0x00000000c0822c60,0x00000000c3a80000)
 Metaspace       used 26269K, capacity 26624K, committed 26928K, reserved 1073152K
  class space    used 3690K, capacity 3795K, committed 3888K, reserved 1048576K
Event: 2.309 GC heap after
Heap after GC invocations=7 (full 1):
 PSYoungGen      total 105472K, used 6540K [0x00000000eab00000, 0x00000000f3780000, 0x0000000100000000)
  eden space 98816K, 0% used [0x00000000eab00000,0x00000000eab00000,0x00000000f0b80000)
  from space 6656K, 98% used [0x00000000f3100000,0x00000000f37630a0,0x00000000f3780000)
  to   space 9728K, 0% used [0x00000000f2480000,0x00000000f2480000,0x00000000f2e00000)
 ParOldGen       total 59904K, used 8339K [0x00000000c0000000, 0x00000000c3a80000, 0x00000000eab00000)
  object space 59904K, 13% used [0x00000000c0000000,0x00000000c0824c60,0x00000000c3a80000)
 Metaspace       used 26269K, capacity 26624K, committed 26928K, reserved 1073152K
  class space    used 3690K, capacity 3795K, committed 3888K, reserved 1048576K
}
Event: 28.486 GC heap before
{Heap before GC invocations=8 (full 1):
 PSYoungGen      total 105472K, used 105356K [0x00000000eab00000, 0x00000000f3780000, 0x0000000100000000)
  eden space 98816K, 100% used [0x00000000eab00000,0x00000000f0b80000,0x00000000f0b80000)
  from space 6656K, 98% used [0x00000000f3100000,0x00000000f37630a0,0x00000000f3780000)
  to   space 9728K, 0% used [0x00000000f2480000,0x00000000f2480000,0x00000000f2e00000)
 ParOldGen       total 59904K, used 8339K [0x00000000c0000000, 0x00000000c3a80000, 0x00000000eab00000)
  object space 59904K, 13% used [0x00000000c0000000,0x00000000c0824c60,0x00000000c3a80000)
 Metaspace       used 31406K, capacity 31768K, committed 31920K, reserved 1077248K
  class space    used 4514K, capacity 4676K, committed 4784K, reserved 1048576K

